0 info it worked if it ends with ok
1 verbose cli [ 'C:\\Program Files\\nodejs\\node.exe',
1 verbose cli   'C:\\Program Files\\nodejs\\node_modules\\npm\\bin\\npm-cli.js',
1 verbose cli   'install',
1 verbose cli   '-',
1 verbose cli   'g',
1 verbose cli   'grunt-cli' ]
2 info using npm@2.15.5
3 info using node@v4.4.5
4 verbose install initial load of C:\Users\Spencer\Desktop\learntocodeanywhere\TechAcademy_WebsiteRenovation-a0e00ee1cc99ef7a1beb48cd23f46866773fd16d\package.json
5 verbose readDependencies loading dependencies from C:\Users\Spencer\Desktop\learntocodeanywhere\TechAcademy_WebsiteRenovation-a0e00ee1cc99ef7a1beb48cd23f46866773fd16d\package.json
6 silly cache add args [ '-', null ]
7 verbose cache add spec -
8 silly cache add args [ 'g', null ]
9 verbose cache add spec g
10 silly cache add args [ 'grunt-cli', null ]
11 verbose cache add spec grunt-cli
12 silly cache add parsed spec Result {
12 silly cache add   raw: '-',
12 silly cache add   scope: null,
12 silly cache add   name: null,
12 silly cache add   rawSpec: '-',
12 silly cache add   spec: 'C:\\Users\\Spencer\\Desktop\\learntocodeanywhere\\TechAcademy_WebsiteRenovation-a0e00ee1cc99ef7a1beb48cd23f46866773fd16d\\-',
12 silly cache add   type: 'local' }
13 silly cache add parsed spec Result {
13 silly cache add   raw: 'g',
13 silly cache add   scope: null,
13 silly cache add   name: 'g',
13 silly cache add   rawSpec: '',
13 silly cache add   spec: 'latest',
13 silly cache add   type: 'tag' }
14 silly addNamed g@latest
15 verbose addNamed "latest" is being treated as a dist-tag for g
16 info addNameTag [ 'g', 'latest' ]
17 silly mapToRegistry name g
18 silly mapToRegistry using default registry
19 silly mapToRegistry registry https://registry.npmjs.org/
20 silly mapToRegistry data Result {
20 silly mapToRegistry   raw: 'g',
20 silly mapToRegistry   scope: null,
20 silly mapToRegistry   name: 'g',
20 silly mapToRegistry   rawSpec: '',
20 silly mapToRegistry   spec: 'latest',
20 silly mapToRegistry   type: 'tag' }
21 silly mapToRegistry uri https://registry.npmjs.org/g
22 verbose addNameTag registry:https://registry.npmjs.org/g not in flight; fetching
23 silly cache add parsed spec Result {
23 silly cache add   raw: 'grunt-cli',
23 silly cache add   scope: null,
23 silly cache add   name: 'grunt-cli',
23 silly cache add   rawSpec: '',
23 silly cache add   spec: 'latest',
23 silly cache add   type: 'tag' }
24 silly addNamed grunt-cli@latest
25 verbose addNamed "latest" is being treated as a dist-tag for grunt-cli
26 info addNameTag [ 'grunt-cli', 'latest' ]
27 silly mapToRegistry name grunt-cli
28 silly mapToRegistry using default registry
29 silly mapToRegistry registry https://registry.npmjs.org/
30 silly mapToRegistry data Result {
30 silly mapToRegistry   raw: 'grunt-cli',
30 silly mapToRegistry   scope: null,
30 silly mapToRegistry   name: 'grunt-cli',
30 silly mapToRegistry   rawSpec: '',
30 silly mapToRegistry   spec: 'latest',
30 silly mapToRegistry   type: 'tag' }
31 silly mapToRegistry uri https://registry.npmjs.org/grunt-cli
32 verbose addNameTag registry:https://registry.npmjs.org/grunt-cli not in flight; fetching
33 error addLocal Could not install C:\Users\Spencer\Desktop\learntocodeanywhere\TechAcademy_WebsiteRenovation-a0e00ee1cc99ef7a1beb48cd23f46866773fd16d\-
34 verbose request uri https://registry.npmjs.org/g
35 verbose request no auth needed
36 info attempt registry request try #1 at 7:33:52 PM
37 verbose request id ebf85a77f53cafae
38 http request GET https://registry.npmjs.org/g
39 verbose request uri https://registry.npmjs.org/grunt-cli
40 verbose request no auth needed
41 info attempt registry request try #1 at 7:33:52 PM
42 verbose etag "4TFBYKXCD95BK64I4GZUHSZAP"
43 http request GET https://registry.npmjs.org/grunt-cli
44 http 304 https://registry.npmjs.org/grunt-cli
45 verbose headers { date: 'Wed, 22 Jun 2016 00:33:57 GMT',
45 verbose headers   via: '1.1 varnish',
45 verbose headers   'cache-control': 'max-age=300',
45 verbose headers   etag: '"4TFBYKXCD95BK64I4GZUHSZAP"',
45 verbose headers   age: '278',
45 verbose headers   connection: 'keep-alive',
45 verbose headers   'x-served-by': 'cache-dfw1830-DFW',
45 verbose headers   'x-cache': 'HIT',
45 verbose headers   'x-cache-hits': '2',
45 verbose headers   'x-timer': 'S1466555637.393526,VS0,VE0',
45 verbose headers   vary: 'Accept-Encoding' }
46 silly get cb [ 304,
46 silly get   { date: 'Wed, 22 Jun 2016 00:33:57 GMT',
46 silly get     via: '1.1 varnish',
46 silly get     'cache-control': 'max-age=300',
46 silly get     etag: '"4TFBYKXCD95BK64I4GZUHSZAP"',
46 silly get     age: '278',
46 silly get     connection: 'keep-alive',
46 silly get     'x-served-by': 'cache-dfw1830-DFW',
46 silly get     'x-cache': 'HIT',
46 silly get     'x-cache-hits': '2',
46 silly get     'x-timer': 'S1466555637.393526,VS0,VE0',
46 silly get     vary: 'Accept-Encoding' } ]
47 verbose etag https://registry.npmjs.org/grunt-cli from cache
48 verbose get saving grunt-cli to C:\Users\Spencer\AppData\Roaming\npm-cache\registry.npmjs.org\grunt-cli\.cache.json
49 verbose correctMkdir C:\Users\Spencer\AppData\Roaming\npm-cache correctMkdir not in flight; initializing
50 silly addNameTag next cb for grunt-cli with tag latest
51 silly addNamed grunt-cli@1.2.0
52 verbose addNamed "1.2.0" is a plain semver version for grunt-cli
53 silly cache afterAdd grunt-cli@1.2.0
54 verbose afterAdd C:\Users\Spencer\AppData\Roaming\npm-cache\grunt-cli\1.2.0\package\package.json not in flight; writing
55 verbose correctMkdir C:\Users\Spencer\AppData\Roaming\npm-cache correctMkdir not in flight; initializing
56 verbose afterAdd C:\Users\Spencer\AppData\Roaming\npm-cache\grunt-cli\1.2.0\package\package.json written
57 http 200 https://registry.npmjs.org/g
58 verbose headers { server: 'CouchDB/1.5.0 (Erlang OTP/R16B03)',
58 verbose headers   etag: '"5IBAML63Y5Y7Q10E1FX7BLFSO"',
58 verbose headers   'content-type': 'application/json',
58 verbose headers   'content-encoding': 'gzip',
58 verbose headers   'cache-control': 'max-age=300',
58 verbose headers   'content-length': '1885',
58 verbose headers   'accept-ranges': 'bytes',
58 verbose headers   date: 'Wed, 22 Jun 2016 00:33:57 GMT',
58 verbose headers   via: '1.1 varnish',
58 verbose headers   age: '0',
58 verbose headers   connection: 'keep-alive',
58 verbose headers   'x-served-by': 'cache-dfw1833-DFW',
58 verbose headers   'x-cache': 'MISS',
58 verbose headers   'x-cache-hits': '0',
58 verbose headers   'x-timer': 'S1466555637.418063,VS0,VE194',
58 verbose headers   vary: 'Accept-Encoding' }
59 silly get cb [ 200,
59 silly get   { server: 'CouchDB/1.5.0 (Erlang OTP/R16B03)',
59 silly get     etag: '"5IBAML63Y5Y7Q10E1FX7BLFSO"',
59 silly get     'content-type': 'application/json',
59 silly get     'content-encoding': 'gzip',
59 silly get     'cache-control': 'max-age=300',
59 silly get     'content-length': '1885',
59 silly get     'accept-ranges': 'bytes',
59 silly get     date: 'Wed, 22 Jun 2016 00:33:57 GMT',
59 silly get     via: '1.1 varnish',
59 silly get     age: '0',
59 silly get     connection: 'keep-alive',
59 silly get     'x-served-by': 'cache-dfw1833-DFW',
59 silly get     'x-cache': 'MISS',
59 silly get     'x-cache-hits': '0',
59 silly get     'x-timer': 'S1466555637.418063,VS0,VE194',
59 silly get     vary: 'Accept-Encoding' } ]
60 verbose get saving g to C:\Users\Spencer\AppData\Roaming\npm-cache\registry.npmjs.org\g\.cache.json
61 verbose correctMkdir C:\Users\Spencer\AppData\Roaming\npm-cache correctMkdir not in flight; initializing
62 silly addNameTag next cb for g with tag latest
63 silly addNamed g@2.0.1
64 verbose addNamed "2.0.1" is a plain semver version for g
65 silly mapToRegistry name g
66 silly mapToRegistry using default registry
67 silly mapToRegistry registry https://registry.npmjs.org/
68 silly mapToRegistry data Result {
68 silly mapToRegistry   raw: 'g',
68 silly mapToRegistry   scope: null,
68 silly mapToRegistry   name: 'g',
68 silly mapToRegistry   rawSpec: '',
68 silly mapToRegistry   spec: 'latest',
68 silly mapToRegistry   type: 'tag' }
69 silly mapToRegistry uri https://registry.npmjs.org/g
70 verbose addRemoteTarball https://registry.npmjs.org/g/-/g-2.0.1.tgz not in flight; adding
71 verbose addRemoteTarball [ 'https://registry.npmjs.org/g/-/g-2.0.1.tgz',
71 verbose addRemoteTarball   '0b5963ebd0ca70e3bc8c6766934a021821c8b857' ]
72 info retry fetch attempt 1 at 7:33:57 PM
73 info attempt registry request try #1 at 7:33:57 PM
74 http fetch GET https://registry.npmjs.org/g/-/g-2.0.1.tgz
75 http fetch 200 https://registry.npmjs.org/g/-/g-2.0.1.tgz
76 silly fetchAndShaCheck shasum 0b5963ebd0ca70e3bc8c6766934a021821c8b857
77 verbose addTmpTarball C:\Users\Spencer\AppData\Local\Temp\npm-1064-b0436b8a\registry.npmjs.org\g\-\g-2.0.1.tgz not in flight; adding
78 verbose addTmpTarball already have metadata; skipping unpack for g@2.0.1
79 verbose correctMkdir C:\Users\Spencer\AppData\Roaming\npm-cache correctMkdir not in flight; initializing
80 silly cache afterAdd g@2.0.1
81 verbose afterAdd C:\Users\Spencer\AppData\Roaming\npm-cache\g\2.0.1\package\package.json not in flight; writing
82 verbose correctMkdir C:\Users\Spencer\AppData\Roaming\npm-cache correctMkdir not in flight; initializing
83 verbose afterAdd C:\Users\Spencer\AppData\Roaming\npm-cache\g\2.0.1\package\package.json written
84 verbose stack Error: ENOENT: no such file or directory, open 'C:\Users\Spencer\Desktop\learntocodeanywhere\TechAcademy_WebsiteRenovation-a0e00ee1cc99ef7a1beb48cd23f46866773fd16d\-'
84 verbose stack     at Error (native)
85 verbose cwd C:\Users\Spencer\Desktop\learntocodeanywhere\TechAcademy_WebsiteRenovation-a0e00ee1cc99ef7a1beb48cd23f46866773fd16d
86 error Windows_NT 10.0.10586
87 error argv "C:\\Program Files\\nodejs\\node.exe" "C:\\Program Files\\nodejs\\node_modules\\npm\\bin\\npm-cli.js" "install" "-" "g" "grunt-cli"
88 error node v4.4.5
89 error npm  v2.15.5
90 error path C:\Users\Spencer\Desktop\learntocodeanywhere\TechAcademy_WebsiteRenovation-a0e00ee1cc99ef7a1beb48cd23f46866773fd16d\-
91 error code ENOENT
92 error errno -4058
93 error syscall open
94 error enoent ENOENT: no such file or directory, open 'C:\Users\Spencer\Desktop\learntocodeanywhere\TechAcademy_WebsiteRenovation-a0e00ee1cc99ef7a1beb48cd23f46866773fd16d\-'
94 error enoent This is most likely not a problem with npm itself
94 error enoent and is related to npm not being able to find a file.
95 verbose exit [ -4058, true ]
